Removed Pin From Net: NetName=VCC Pin=C3-1
Removed Pin From Net: NetName=RST Pin=C3-2
Removed Pin From Net: NetName=RST Pin=K1-1
Removed Pin From Net: NetName=RST Pin=K1-1
Removed Pin From Net: NetName=VCC Pin=K1-2
Removed Pin From Net: NetName=VCC Pin=K1-2
Removed Pin From Net: NetName=VCC Pin=P6-5
Removed Pin From Net: NetName=GND Pin=P6-6
Removed Pin From Net: NetName=VCC Pin=P6-7
Removed Pin From Net: NetName=GND Pin=P6-8
Removed Pin From Net: NetName=RST Pin=R5-2
Removed Pin From Net: NetName=RST Pin=U1-9
Removed Member From Class: ClassName=单片机蓝牙温湿度 Member=C3
Removed Member From Class: ClassName=单片机蓝牙温湿度 Member=K1
Change Component DesignItemId : Designator=J1 Old DesignItemId= New DesignItemId=PHONEJACK
Change Component DesignItemId : Designator=P6 Old DesignItemId=Header 4X2 New DesignItemId=Header 2X2
Change Component Footprint: Designator=P6 Old Footprint=HDR2X4 New Footprint=HDR2X2
Change Component Comment : Designator=P6 Old Comment=电源扩展接口 New Comment=Header 2X2
Change Component Description : Designator=C1 Old Description= New Description=Capacitor
Change Component Description : Designator=C2 Old Description= New Description=Capacitor
Change Component Description : Designator=C4 Old Description= New Description=Capacitor
Change Component Description : Designator=C5 Old Description= New Description=Capacitor
Change Component Description : Designator=R1 Old Description= New Description=Resistor
Change Component Description : Designator=R2 Old Description= New Description=Resistor
Change Component Description : Designator=R3 Old Description= New Description=Resistor
Change Component Description : Designator=R4 Old Description= New Description=Resistor
Change Component Description : Designator=R5 Old Description= New Description=Resistor
Change Component Description : Designator=U1 Old Description=8-Bit Microcontroller with New Description=8-Bit Microcontroller with 4K Flash ROM
Change Component Description : Designator=Y1 Old Description=Cryst New Description=Crystal Oscillator
Change Component Description : Designator=S1 Old Description=SPDT Subminiature Toggle Switch, Right Angle Mounting, Verti New Description=SPDT Subminiature Toggle Switch, Right Angle Mounting, Vertical Actuation
Change Component Description : Designator=D1 Old Description=Typical INFR New Description=Typical INFRARED GaAs LED
Change Component Description : Designator=D2 Old Description=Typical INFR New Description=Typical INFRARED GaAs LED
Change Component Description : Designator=D3 Old Description=Typical INFR New Description=Typical INFRARED GaAs LED
Added Component: Designator=P7(HDR2X4)
Added Component: Designator=R6(0805)
Added Pin To Net: NetName=RST Pin=P7-3
Added Pin To Net: NetName=GND Pin=P7-8
Added Pin To Net: NetName=3V3 Pin=P7-1
Added Pin To Net: NetName=3V3 Pin=R6-1
Added Net: Name=3V3
Added Pin To Net: NetName=CH_PD Pin=P7-5
Added Pin To Net: NetName=CH_PD Pin=R6-2
Added Net: Name=CH_PD
Added Pin To Net: NetName=ESP_RXD Pin=P7-2
Added Net: Name=ESP_RXD
Added Pin To Net: NetName=ESP_TXD Pin=P7-7
Added Net: Name=ESP_TXD
Added Pin To Net: NetName=NetR5_2 Pin=R5-2
Added Pin To Net: NetName=NetR5_2 Pin=U1-9
Added Net: Name=NetR5_2
Added Member To Class: ClassName=单片机蓝牙温湿度 Member=Component P7 ESP8266
Added Member To Class: ClassName=单片机蓝牙温湿度 Member=Component R6 Res1
Added Room: Name=单片机蓝牙温湿度
